Resource Usage Report
Part: lcmxo2_7000hc-4

Register bits: 2024 of 6864 (29%)
PIC Latch:       0
I/O cells:       278

Details:
BB:             74
CCU2D:          384
FD1P3AX:        4
FD1P3BX:        2
FD1P3DX:        1619
FD1S3BX:        2
FD1S3DX:        318
FD1S3JX:        1
GSR:            1
IB:             67
IFS1P3DX:       76
INV:            40
OB:             137
OFS1P3DX:       2
ORCALUT4:       3281
PFUMX:          73
PUR:            1
VHI:            18
VLO:            24
true:           6
