line 5789, col 42: Option set not found: vcs_ECP4_lib.
line 5803, col 44: Option set not found: vcs_ECP45M_lib.


Running in Lattice mode


Starting:    c:\lscc\diamond\3.2_x64\synpbase\win64\mbin\synbatch.exe
Install:     c:\lscc\diamond\3.2_x64\synpbase
Date:        Sun Nov 09 21:27:21 2014
Version:     I-2013.09L-SP1-1 

Arguments:   -product synplify_pro  -batch Baseboard_Baseboard_synplify.tcl
ProductType: synplify_pro






log file: "F:\project\wolf\Baseboard\BLD\Baseboard\Baseboard_Baseboard.srr"





Running proj_1|Baseboard


Running: Compile on proj_1|Baseboard


Running: Compile Process on proj_1|Baseboard


Running: Compile Input on proj_1|Baseboard

Copied F:\project\wolf\Baseboard\BLD\Baseboard\synwork\Baseboard_Baseboard_comp.srs to F:\project\wolf\Baseboard\BLD\Baseboard\Baseboard_Baseboard.srs

compiler Completed with warnings
Return Code: 1
Run Time:0h:00m:03s


Copied F:\project\wolf\Baseboard\BLD\Baseboard\Baseboard_Baseboard.srr to F:\project\wolf\Baseboard\BLD\Baseboard\Baseboard_Baseboard.srf

Complete: Compile Process on proj_1|Baseboard


Running: Pre-mapping on proj_1|Baseboard

premap Completed with warnings
Return Code: 1
Run Time:0h:00m:01s


Complete: Compile on proj_1|Baseboard


Running: Map on proj_1|Baseboard


Running: Map & Optimize on proj_1|Baseboard

fpga_mapper Completed with warnings
Return Code: 1
Run Time:0h:00m:20s


Complete: Map on proj_1|Baseboard

Copied F:\project\wolf\Baseboard\BLD\Baseboard\Baseboard_Baseboard.srr to F:\project\wolf\Baseboard\BLD\Baseboard\Baseboard_Baseboard.srf

Complete: Logic Synthesis on proj_1|Baseboard

TCL script complete: "Baseboard_Baseboard_synplify.tcl"

exit status=0


exit status=0


Save changes for project:
F:\project\wolf\Baseboard\BLD\Baseboard\proj_1.prj

batch mode default:no

