line 5789, col 42: Option set not found: vcs_ECP4_lib.
line 5803, col 44: Option set not found: vcs_ECP45M_lib.


Running in Lattice mode


Starting:    D:\lscc\diamond\3.2_x64\synpbase\win64\mbin\synbatch.exe
Install:     D:\lscc\diamond\3.2_x64\synpbase
Date:        Wed Mar 11 19:56:56 2015
Version:     I-2013.09L-SP1-1 

Arguments:   -product synplify_pro  -batch Status_Status_synplify.tcl
ProductType: synplify_pro






log file: "E:\work\wolf\Status\BLD\Status\Status_Status.srr"





Running proj_1|Status


Running: Compile on proj_1|Status


Running: Compile Process on proj_1|Status


Running: Compile Input on proj_1|Status

Copied E:\work\wolf\Status\BLD\Status\synwork\Status_Status_comp.srs to E:\work\wolf\Status\BLD\Status\Status_Status.srs

compiler Completed with warnings
Return Code: 1
Run Time:0h:00m:03s


Copied E:\work\wolf\Status\BLD\Status\Status_Status.srr to E:\work\wolf\Status\BLD\Status\Status_Status.srf

Complete: Compile Process on proj_1|Status


Running: Pre-mapping on proj_1|Status

premap Completed with warnings
Return Code: 1
Run Time:0h:00m:01s


Complete: Compile on proj_1|Status


Running: Map on proj_1|Status


Running: Map & Optimize on proj_1|Status

fpga_mapper Completed with warnings
Return Code: 1
Run Time:0h:00m:05s


Complete: Map on proj_1|Status

Copied E:\work\wolf\Status\BLD\Status\Status_Status.srr to E:\work\wolf\Status\BLD\Status\Status_Status.srf

Complete: Logic Synthesis on proj_1|Status

TCL script complete: "Status_Status_synplify.tcl"

exit status=0


exit status=0


Save changes for project:
E:\work\wolf\Status\BLD\Status\proj_1.prj

batch mode default:no

